0 info it worked if it ends with ok
1 verbose cli [ 'C:\\Program Files\\nodejs\\node.exe',
1 verbose cli   'C:\\Program Files\\nodejs\\node_modules\\npm\\bin\\npm-cli.js',
1 verbose cli   'run',
1 verbose cli   'vscode:prepublish' ]
2 info using npm@3.10.9
3 info using node@v6.9.2
4 verbose run-script [ 'prevscode:prepublish',
4 verbose run-script   'vscode:prepublish',
4 verbose run-script   'postvscode:prepublish' ]
5 info lifecycle metago@1.26.0~prevscode:prepublish: metago@1.26.0
6 silly lifecycle metago@1.26.0~prevscode:prepublish: no script for prevscode:prepublish, continuing
7 info lifecycle metago@1.26.0~vscode:prepublish: metago@1.26.0
8 verbose lifecycle metago@1.26.0~vscode:prepublish: unsafe-perm in lifecycle true
9 verbose lifecycle metago@1.26.0~vscode:prepublish: PATH: C:\Program Files\nodejs\node_modules\npm\bin\node-gyp-bin;M:\Workspace\metago\node_modules\.bin;C:\tfs\Maxwell\7.x\7.x.Release\Build\Scripts\Production\LocalBuild;C:\Program Files\Docker\Docker\Resources\bin;C:\ProgramData\Oracle\Java\javapath;C:\Windows\system32;C:\Windows;C:\Windows\System32\Wbem;C:\Windows\System32\WindowsPowerShell\v1.0\;C:\Program Files (x86)\Windows Kits\8.1\Windows Performance Toolkit\;C:\Program Files\Microsoft SQL Server\120\Tools\Binn\;C:\Program Files\Microsoft SQL Server\130\Tools\Binn\;C:\Program Files\Anaconda3;C:\Program Files\Anaconda3\Scripts;C:\Program Files\Anaconda3\Library\bin;C:\Program Files\nodejs\;C:\Program Files (x86)\Microsoft SQL Server\110\Tools\Binn\;C:\Program Files\Microsoft SQL Server\110\Tools\Binn\;C:\Program Files\Microsoft SQL Server\110\DTS\Binn\;C:\Program Files (x86)\Microsoft SQL Server\110\Tools\Binn\ManagementStudio\;C:\Program Files (x86)\Microsoft SQL Server\110\DTS\Binn\;C:\Users\jsong12\.dnx\runtimes\dnx-clr-win-x86.1.0.0-rc1-update1\Bin;C:\Users\jsong12\.dnx\runtimes\dnx-clr-win-x86.1.0.0-rc1-update1\Bin\DMAG;C:\Program Files (x86)\Microsoft Team Foundation Server 2015 Power Tools\;C:\Program Files\dotnet\;C:\Program Files\1E\NomadBranch\;C:\Program Files\Git\cmd;C:\Program Files (x86)\Schlumberger\THM\EnvWriter\bin;C:\Program Files (x86)\Schlumberger\BER\EnvWriter\bin;C:\Users\jsong12\.dnx\bin;C:\Users\jsong12\AppData\Local\Microsoft\WindowsApps;C:\Program Files (x86)\Microsoft VS Code\bin;C:\Users\jsong12\AppData\Roaming\npm
10 verbose lifecycle metago@1.26.0~vscode:prepublish: CWD: M:\Workspace\metago
11 silly lifecycle metago@1.26.0~vscode:prepublish: Args: [ '/d /s /c', 'tsc -p ./' ]
12 silly lifecycle metago@1.26.0~vscode:prepublish: Returned: code: 2  signal: null
13 info lifecycle metago@1.26.0~vscode:prepublish: Failed to exec vscode:prepublish script
14 verbose stack Error: metago@1.26.0 vscode:prepublish: `tsc -p ./`
14 verbose stack Exit status 2
14 verbose stack     at EventEmitter.<anonymous> (C:\Program Files\nodejs\node_modules\npm\lib\utils\lifecycle.js:255:16)
14 verbose stack     at emitTwo (events.js:106:13)
14 verbose stack     at EventEmitter.emit (events.js:191:7)
14 verbose stack     at ChildProcess.<anonymous> (C:\Program Files\nodejs\node_modules\npm\lib\utils\spawn.js:40:14)
14 verbose stack     at emitTwo (events.js:106:13)
14 verbose stack     at ChildProcess.emit (events.js:191:7)
14 verbose stack     at maybeClose (internal/child_process.js:877:16)
14 verbose stack     at Process.ChildProcess._handle.onexit (internal/child_process.js:226:5)
15 verbose pkgid metago@1.26.0
16 verbose cwd M:\Workspace\metago
17 error Windows_NT 10.0.14393
18 error argv "C:\\Program Files\\nodejs\\node.exe" "C:\\Program Files\\nodejs\\node_modules\\npm\\bin\\npm-cli.js" "run" "vscode:prepublish"
19 error node v6.9.2
20 error npm  v3.10.9
21 error code ELIFECYCLE
22 error metago@1.26.0 vscode:prepublish: `tsc -p ./`
22 error Exit status 2
23 error Failed at the metago@1.26.0 vscode:prepublish script 'tsc -p ./'.
23 error Make sure you have the latest version of node.js and npm installed.
23 error If you do, this is most likely a problem with the metago package,
23 error not with npm itself.
23 error Tell the author that this fails on your system:
23 error     tsc -p ./
23 error You can get information on how to open an issue for this project with:
23 error     npm bugs metago
23 error Or if that isn't available, you can get their info via:
23 error     npm owner ls metago
23 error There is likely additional logging output above.
24 verbose exit [ 1, true ]
